<?xml version="1.0" encoding="UTF-8"?>
<!-- Generated by org.testng.reporters.JUnitXMLReporter -->
<testsuite ignored="0" hostname="DESKTOP-AOMEI0O" failures="0" tests="4" name="Test" time="108.548" errors="0" timestamp="11 Apr 2021 09:46:41 GMT">
  <testcase classname="com.team.findinghospital.qa.testcases.LandingPageTest" name="cityTest" time="12.323"/>
  <testcase classname="com.team.findinghospital.qa.testcases.SearchFiltersTest" name="cityTest" time="32.184"/>
  <testcase classname="com.team.findinghospital.qa.testcases.DiagnosticPageTest" name="cityTest" time="7.771"/>
  <testcase classname="com.team.findinghospital.qa.testcases.CorporateWellnessPageTest" name="scheduleDemo" time="7.038"/>
</testsuite> <!-- Test -->
